0 info it worked if it ends with ok
1 verbose cli [ '/Users/seanroberts/.nvm/versions/node/v6.2.0/bin/node',
1 verbose cli   '/Users/seanroberts/.nvm/versions/node/v6.2.0/bin/npm',
1 verbose cli   'run',
1 verbose cli   'example' ]
2 info using npm@3.8.9
3 info using node@v6.2.0
4 verbose stack Error: missing script: example
4 verbose stack     at run (/Users/seanroberts/.nvm/versions/node/v6.2.0/lib/node_modules/npm/lib/run-script.js:150:19)
4 verbose stack     at /Users/seanroberts/.nvm/versions/node/v6.2.0/lib/node_modules/npm/lib/run-script.js:60:5
4 verbose stack     at /Users/seanroberts/.nvm/versions/node/v6.2.0/lib/node_modules/npm/node_modules/read-package-json/read-json.js:356:5
4 verbose stack     at checkBinReferences_ (/Users/seanroberts/.nvm/versions/node/v6.2.0/lib/node_modules/npm/node_modules/read-package-json/read-json.js:320:45)
4 verbose stack     at final (/Users/seanroberts/.nvm/versions/node/v6.2.0/lib/node_modules/npm/node_modules/read-package-json/read-json.js:354:3)
4 verbose stack     at then (/Users/seanroberts/.nvm/versions/node/v6.2.0/lib/node_modules/npm/node_modules/read-package-json/read-json.js:124:5)
4 verbose stack     at /Users/seanroberts/.nvm/versions/node/v6.2.0/lib/node_modules/npm/node_modules/read-package-json/read-json.js:311:12
4 verbose stack     at /Users/seanroberts/.nvm/versions/node/v6.2.0/lib/node_modules/npm/node_modules/graceful-fs/graceful-fs.js:78:16
4 verbose stack     at tryToString (fs.js:449:3)
4 verbose stack     at FSReqWrap.readFileAfterClose [as oncomplete] (fs.js:436:12)
5 verbose cwd /Users/seanroberts/Desktop/Coding/uianalytics/ui-analytics-core
6 error Darwin 15.6.0
7 error argv "/Users/seanroberts/.nvm/versions/node/v6.2.0/bin/node" "/Users/seanroberts/.nvm/versions/node/v6.2.0/bin/npm" "run" "example"
8 error node v6.2.0
9 error npm  v3.8.9
10 error missing script: example
11 error If you need help, you may report this error at:
11 error     <https://github.com/npm/npm/issues>
12 verbose exit [ 1, true ]
